<?xml version="1.0" encoding="UTF-8"?>
<!-- Generated by org.testng.reporters.JUnitXMLReporter -->
<testsuite ignored="0" hostname="Abhijit" failures="1" tests="1" name="Default test" time="6.247" errors="0" timestamp="13 Dec 2024 06:52:41 GMT">
  <testcase classname="io.cucumber.testng.AbstractTestNGCucumberTests" name="runScenario" time="4.309">
    <failure type="java.lang.NullPointerException" message="Cannot invoke &amp;quot;com.microsoft.playwright.Page.navigate(String)&amp;quot; because &amp;quot;this.page&amp;quot; is null">
      <![CDATA[java.lang.NullPointerException: Cannot invoke "com.microsoft.playwright.Page.navigate(String)" because "this.page" is null
at com.stepdef.PractiseStepPage.open_practice_page_site(PractiseStepPage.java:16)
at ✽.Open practice page site "https://rahulshettyacademy.com/AutomationPractice/"(file:///D:/eclipse-workspace/PlayWrightCucumberProject/src/test/resource/features/practice.feature:7)
]]>
    </failure>
  </testcase> <!-- runScenario -->
</testsuite> <!-- Default test -->
