<?xml version="1.0" encoding="UTF-8"?>
<testng-results ignored="0" total="1" passed="1" failed="0" skipped="0">
  <reporter-output>
  </reporter-output>
  <suite started-at="2025-01-02T07:04:22Z" name="Suite" finished-at="2025-01-02T07:05:03Z" duration-ms="41442">
    <groups>
      <group name="cucumber">
        <method signature="AbstractTestNGCucumberTests.runScenario(io.cucumber.testng.PickleWrapper, io.cucumber.testng.FeatureWrapper)[pri:0, instance:com.testrunner.TestRunner@928763c]" name="runScenario" class="io.cucumber.testng.AbstractTestNGCucumberTests"/>
      </group> <!-- cucumber -->
    </groups>
    <test started-at="2025-01-02T07:04:22Z" name="Test" finished-at="2025-01-02T07:05:03Z" duration-ms="41442">
      <class name="com.testrunner.TestRunner">
        <test-method is-config="true" signature="setUpClass()[pri:0, instance:com.testrunner.TestRunner@928763c]" started-at="2025-01-02T07:04:22Z" name="setUpClass" finished-at="2025-01-02T07:04:23Z" duration-ms="1132" status="PASS">
          <reporter-output>
          </reporter-output>
        </test-method> <!-- setUpClass -->
        <test-method signature="runScenario(io.cucumber.testng.PickleWrapper, io.cucumber.testng.FeatureWrapper)[pri:0, instance:com.testrunner.TestRunner@928763c]" started-at="2025-01-02T07:04:23Z" name="runScenario" description="Runs Cucumber Scenarios" data-provider="scenarios" finished-at="2025-01-02T07:05:00Z" duration-ms="36652" status="PASS">
          <params>
            <param index="0">
              <value>
                <![CDATA["Verify practise page componant"]]>
              </value>
            </param>
            <param index="1">
              <value>
                <![CDATA["Optional[Login to practice page]"]]>
              </value>
            </param>
          </params>
          <reporter-output>
          </reporter-output>
        </test-method> <!-- runScenario -->
        <test-method is-config="true" signature="tearDownClass()[pri:0, instance:com.testrunner.TestRunner@928763c]" started-at="2025-01-02T07:05:00Z" name="tearDownClass" finished-at="2025-01-02T07:05:03Z" duration-ms="3614" status="PASS">
          <reporter-output>
          </reporter-output>
        </test-method> <!-- tearDownClass -->
      </class> <!-- com.testrunner.TestRunner -->
    </test> <!-- Test -->
  </suite> <!-- Suite -->
</testng-results>
