<?xml version="1.0" encoding="UTF-8"?>
<testng-results ignored="0" total="1" passed="1" failed="0" skipped="0">
  <reporter-output>
  </reporter-output>
  <suite started-at="2025-01-03T07:08:01Z" name="Suite" finished-at="2025-01-03T07:08:29Z" duration-ms="27622">
    <groups>
      <group name="cucumber">
        <method signature="AbstractTestNGCucumberTests.runScenario(io.cucumber.testng.PickleWrapper, io.cucumber.testng.FeatureWrapper)[pri:0, instance:com.testrunner.TestRunner@35b74c5c]" name="runScenario" class="io.cucumber.testng.AbstractTestNGCucumberTests"/>
      </group> <!-- cucumber -->
    </groups>
    <test started-at="2025-01-03T07:08:01Z" name="Test" finished-at="2025-01-03T07:08:29Z" duration-ms="27622">
      <class name="com.testrunner.TestRunner">
        <test-method is-config="true" signature="setUpClass()[pri:0, instance:com.testrunner.TestRunner@35b74c5c]" started-at="2025-01-03T07:08:01Z" name="setUpClass" finished-at="2025-01-03T07:08:01Z" duration-ms="406" status="PASS">
          <reporter-output>
          </reporter-output>
        </test-method> <!-- setUpClass -->
        <test-method signature="runScenario(io.cucumber.testng.PickleWrapper, io.cucumber.testng.FeatureWrapper)[pri:0, instance:com.testrunner.TestRunner@35b74c5c]" started-at="2025-01-03T07:08:01Z" name="runScenario" description="Runs Cucumber Scenarios" data-provider="scenarios" finished-at="2025-01-03T07:08:26Z" duration-ms="24933" status="PASS">
          <params>
            <param index="0">
              <value>
                <![CDATA["Verify practise page componant"]]>
              </value>
            </param>
            <param index="1">
              <value>
                <![CDATA["Optional[Login to practice page]"]]>
              </value>
            </param>
          </params>
          <reporter-output>
          </reporter-output>
        </test-method> <!-- runScenario -->
        <test-method is-config="true" signature="tearDownClass()[pri:0, instance:com.testrunner.TestRunner@35b74c5c]" started-at="2025-01-03T07:08:26Z" name="tearDownClass" finished-at="2025-01-03T07:08:29Z" duration-ms="2269" status="PASS">
          <reporter-output>
          </reporter-output>
        </test-method> <!-- tearDownClass -->
      </class> <!-- com.testrunner.TestRunner -->
    </test> <!-- Test -->
  </suite> <!-- Suite -->
</testng-results>
